<?xml version="1.0" encoding="UTF-8"?>
<testsuite xmlns:xsi="http://www.w3.org/2001/XMLSchema-instance" xsi:noNamespaceSchemaLocation="https://maven.apache.org/surefire/maven-surefire-plugin/xsd/surefire-test-report-3.0.xsd" version="3.0" name="com.example.demo.DemoApplicationTests" time="7.809" tests="1" errors="0" skipped="0" failures="0">
  <properties>
[...]
</properties>
  <testcase name="contextLoads" classname="com.example.demo.DemoApplicationTests" time="0.746">
    <system-out><![CDATA[17:40:21.518 [main] INFO org.springframework.test.context.support.AnnotationConfigContextLoaderUtils -- Could not detect default configuration classes for test class [com.example.demo.DemoApplicationTests]: DemoApplicationTests does not declare any static, non-private, non-final, nested classes annotated with @Configuration.
17:40:21.694 [main] INFO org.springframework.boot.test.context.SpringBootTestContextBootstrapper -- Found @SpringBootConfiguration com.example.demo.DemoApplication for test class com.example.demo.DemoApplicationTests

  .   ____          _            __ _ _
 /\\ / ___'_ __ _ _(_)_ __  __ _ \ \ \ \
( ( )\___ | '_ | '_| | '_ \/ _` | \ \ \ \
 \\/  ___)| |_)| | | | | || (_| |  ) ) ) )
  '  |____| .__|_| |_|_| |_\__, | / / / /
 =========|_|==============|___/=/_/_/_/
 :: Spring Boot ::                (v3.2.2)

2024-02-12T17:40:22.315-03:00  INFO 497106 --- [           main] com.example.demo.DemoApplicationTests    : Starting DemoApplicationTests using Java 17.0.7 with PID 497106 (started by guido in /home/guido/Descargas/demo-challenge-gila/backend)
2024-02-12T17:40:22.319-03:00  INFO 497106 --- [           main] com.example.demo.DemoApplicationTests    : No active profile set, falling back to 1 default profile: "default"
2024-02-12T17:40:23.601-03:00  INFO 497106 --- [           main] .s.d.r.c.RepositoryConfigurationDelegate : Bootstrapping Spring Data JPA repositories in DEFAULT mode.
2024-02-12T17:40:23.698-03:00  INFO 497106 --- [           main] .s.d.r.c.RepositoryConfigurationDelegate : Finished Spring Data repository scanning in 81 ms. Found 2 JPA repository interfaces.
2024-02-12T17:40:24.653-03:00  INFO 497106 --- [           main] o.hibernate.jpa.internal.util.LogHelper  : HHH000204: Processing PersistenceUnitInfo [name: default]
2024-02-12T17:40:24.729-03:00  INFO 497106 --- [           main] org.hibernate.Version                    : HHH000412: Hibernate ORM core version 6.4.1.Final
2024-02-12T17:40:24.791-03:00  INFO 497106 --- [           main] o.h.c.internal.RegionFactoryInitiator    : HHH000026: Second-level cache disabled
2024-02-12T17:40:25.132-03:00  INFO 497106 --- [           main] o.s.o.j.p.SpringPersistenceUnitInfo      : No LoadTimeWeaver setup: ignoring JPA class transformer
2024-02-12T17:40:25.180-03:00  INFO 497106 --- [           main] com.zaxxer.hikari.HikariDataSource       : HikariPool-1 - Starting...
2024-02-12T17:40:25.544-03:00  INFO 497106 --- [           main] com.zaxxer.hikari.pool.HikariPool        : HikariPool-1 - Added connection conn0: url=jdbc:h2:file:./testdb user=SA
2024-02-12T17:40:25.547-03:00  INFO 497106 --- [           main] com.zaxxer.hikari.HikariDataSource       : HikariPool-1 - Start completed.
2024-02-12T17:40:25.586-03:00  WARN 497106 --- [           main] org.hibernate.orm.deprecation            : HHH90000025: H2Dialect does not need to be specified explicitly using 'hibernate.dialect' (remove the property setting and it will be selected by default)
2024-02-12T17:40:26.956-03:00  INFO 497106 --- [           main] o.h.e.t.j.p.i.JtaPlatformInitiator       : HHH000489: No JTA platform available (set 'hibernate.transaction.jta.platform' to enable JTA platform integration)
Hibernate: create table customer (id bigint generated by default as identity, email varchar(255), name varchar(255), phonenumber varchar(255), primary key (id))
Hibernate: create table customer_notification_channels (customer_id bigint not null, channel varchar(255) check (channel in ('SMS','EMAIL','PUSH')))
Hibernate: create table customer_subscribed_categories (customer_id bigint not null, category varchar(255) check (category in ('SPORTS','FINANCE','MOVIES')))
Hibernate: create table notification (id bigint generated by default as identity, customer_id bigint, message varchar(255), notification_type tinyint check (notification_type between 0 and 2), timestamp timestamp(6), primary key (id))
Hibernate: alter table if exists customer_notification_channels add constraint FKs89tq8fs55ad8wmtvk2tngod8 foreign key (customer_id) references customer
Hibernate: alter table if exists customer_subscribed_categories add constraint FKkpvkp05jtofsrvvfmgm6sfn2m foreign key (customer_id) references customer
2024-02-12T17:40:27.058-03:00  INFO 497106 --- [           main] j.LocalContainerEntityManagerFactoryBean : Initialized JPA EntityManagerFactory for persistence unit 'default'
2024-02-12T17:40:27.669-03:00  WARN 497106 --- [           main] JpaBaseConfiguration$JpaWebConfiguration : spring.jpa.open-in-view is enabled by default. Therefore, database queries may be performed during view rendering. Explicitly configure spring.jpa.open-in-view to disable this warning
2024-02-12T17:40:28.160-03:00  INFO 497106 --- [           main] o.s.b.a.h2.H2ConsoleAutoConfiguration    : H2 console available at '/h2-ui'. Database available at 'jdbc:h2:file:./testdb'
2024-02-12T17:40:28.304-03:00  INFO 497106 --- [           main] com.example.demo.DemoApplicationTests    : Started DemoApplicationTests in 6.391 seconds (process running for 7.947)
]]></system-out>
  </testcase>
</testsuite>